*** Using Compiler 'V6.24', folder: 'D:\Keil5\ARM\ARMCLANG\Bin'
Rebuild target 'Scientific_Calculator'
compiling stm32f1xx_hal_gpio_ex.c...
assembling startup_stm32f103xb.s...
compiling gpio.c...
compiling main.c...
compiling stm32f1xx_hal_exti.c...
compiling stm32f1xx_hal_flash.c...
compiling stm32f1xx_hal_dma.c...
compiling stm32f1xx_hal_msp.c...
compiling stm32f1xx_hal_rcc.c...
compiling stm32f1xx_hal_rcc_ex.c...
compiling stm32f1xx_it.c...
compiling stm32f1xx_hal_pwr.c...
compiling stm32f1xx_hal_gpio.c...
compiling stm32f1xx_hal.c...
compiling system_stm32f1xx.c...
compiling stm32f1xx_hal_flash_ex.c...
compiling stm32f1xx_hal_cortex.c...
compiling OLED.c...
linking...
Program Size: Code=4940 RO-data=1828 RW-data=36 ZI-data=1716  
FromELF: creating hex file...
"Scientific_Calculator\Scientific_Calculator.axf" - 0 Error(s), 0 Warning(s).
Build Time Elapsed:  00:00:02
